2021-01-19 09:07:29.467  INFO 89619 --- [main] com.ihomefnt.ark.demo.Demo1Application   : Starting Demo1Application v0.0.1 on zhangrongdeMBP.lan with PID 89619 (/Users/zhangrong/Documents/workspace/dataworks/demo1/target/demo1-0.0.1-ark-executable.jar started by zhangrong in /Users/zhangrong/Documents/workspace/dataworks/demo1)
2021-01-19 09:07:29.473  INFO 89619 --- [main] com.ihomefnt.ark.demo.Demo1Application   : No active profile set, falling back to default profiles: default
2021-01-19 09:07:31.713  INFO 89619 --- [main] o.s.b.w.embedded.tomcat.TomcatWebServer  : Tomcat initialized with port(s): 8080 (http)
2021-01-19 09:07:31.744  INFO 89619 --- [main] o.apache.catalina.core.StandardService   : Starting service [Tomcat]
2021-01-19 09:07:31.745  INFO 89619 --- [main] org.apache.catalina.core.StandardEngine  : Starting Servlet engine: [Apache Tomcat/9.0.31]
2021-01-19 09:07:31.873  INFO 89619 --- [main] o.a.c.c.C.[Tomcat].[localhost].[/]       : Initializing Spring embedded WebApplicationContext
2021-01-19 09:07:31.874  INFO 89619 --- [main] o.s.web.context.ContextLoader            : Root WebApplicationContext: initialization completed in 2332 ms
2021-01-19 09:07:32.649  INFO 89619 --- [main] o.s.s.concurrent.ThreadPoolTaskExecutor  : Initializing ExecutorService 'applicationTaskExecutor'
2021-01-19 09:07:33.065  INFO 89619 --- [main] o.s.b.a.e.web.EndpointLinksResolver      : Exposing 4 endpoint(s) beneath base path '/actuator'
2021-01-19 09:07:33.167  INFO 89619 --- [main] o.s.b.w.embedded.tomcat.TomcatWebServer  : Tomcat started on port(s): 8080 (http) with context path ''
2021-01-19 09:07:33.173  INFO 89619 --- [main] com.ihomefnt.ark.demo.Demo1Application   : Started Demo1Application in 4.324 seconds (JVM running for 5.957)
2021-01-19 09:07:56.805  INFO 89619 --- [Thread-4] o.s.s.concurrent.ThreadPoolTaskExecutor  : Shutting down ExecutorService 'applicationTaskExecutor'
2021-01-19 10:59:17.728  INFO 27341 --- [main] com.ihomefnt.ark.demo.Demo1Application   : Starting Demo1Application on zhangrongdeMBP.lan with PID 27341 (/Users/zhangrong/Documents/workspace/dataworks/demo1/target/classes started by zhangrong in /Users/zhangrong/Documents/workspace/dataworks/demo1)
2021-01-19 10:59:17.730  INFO 27341 --- [main] com.ihomefnt.ark.demo.Demo1Application   : No active profile set, falling back to default profiles: default
2021-01-19 10:59:19.118  INFO 27341 --- [main] o.s.b.w.embedded.tomcat.TomcatWebServer  : Tomcat initialized with port(s): 8080 (http)
2021-01-19 10:59:19.142  INFO 27341 --- [main] o.apache.catalina.core.StandardService   : Starting service [Tomcat]
2021-01-19 10:59:19.142  INFO 27341 --- [main] org.apache.catalina.core.StandardEngine  : Starting Servlet engine: [Apache Tomcat/9.0.31]
2021-01-19 10:59:19.231  INFO 27341 --- [main] o.a.c.c.C.[Tomcat].[localhost].[/demo1]  : Initializing Spring embedded WebApplicationContext
2021-01-19 10:59:19.232  INFO 27341 --- [main] o.s.web.context.ContextLoader            : Root WebApplicationContext: initialization completed in 1469 ms
2021-01-19 10:59:19.837  INFO 27341 --- [main] o.s.s.concurrent.ThreadPoolTaskExecutor  : Initializing ExecutorService 'applicationTaskExecutor'
2021-01-19 10:59:20.197  INFO 27341 --- [main] o.s.b.a.e.web.EndpointLinksResolver      : Exposing 4 endpoint(s) beneath base path '/actuator'
2021-01-19 10:59:20.308  INFO 27341 --- [main] o.s.b.w.embedded.tomcat.TomcatWebServer  : Tomcat started on port(s): 8080 (http) with context path '/demo1'
2021-01-19 10:59:20.312  INFO 27341 --- [main] com.ihomefnt.ark.demo.Demo1Application   : Started Demo1Application in 2.998 seconds (JVM running for 3.533)
2021-01-19 10:59:20.665  INFO 27341 --- [RMI TCP Connection(2)-127.0.0.1] o.a.c.c.C.[Tomcat].[localhost].[/demo1]  : Initializing Spring DispatcherServlet 'dispatcherServlet'
2021-01-19 10:59:20.665  INFO 27341 --- [RMI TCP Connection(2)-127.0.0.1] o.s.web.servlet.DispatcherServlet        : Initializing Servlet 'dispatcherServlet'
2021-01-19 10:59:20.673  INFO 27341 --- [RMI TCP Connection(2)-127.0.0.1] o.s.web.servlet.DispatcherServlet        : Completed initialization in 7 ms
2021-01-19 10:59:40.454  INFO 27341 --- [Thread-8] o.s.s.concurrent.ThreadPoolTaskExecutor  : Shutting down ExecutorService 'applicationTaskExecutor'
